<?xml version="1.0" encoding="UTF-8"?>
<coverage generated="1776991180199" clover="3.2.0">
  <project timestamp="1776991180199" name="All files">
    <metrics statements="32" coveredstatements="24" conditionals="20" coveredconditionals="18" methods="11" coveredmethods="7" elements="63" coveredelements="49" complexity="0" loc="32" ncloc="32" packages="3" files="7" classes="7"/>
    <package name="components.features">
      <metrics statements="13" coveredstatements="9" conditionals="2" coveredconditionals="2" methods="8" coveredmethods="5"/>
      <file name="FriendList.jsx" path="/home/pavel/proga/PhotoPortfolio/PhotoPortfolio/my-react-app/src/components/features/FriendList.jsx">
        <metrics statements="3" coveredstatements="0" conditionals="0" coveredconditionals="0" methods="2" coveredmethods="0"/>
        <line num="4" count="0" type="stmt"/>
        <line num="5" count="0" type="stmt"/>
        <line num="10" count="0" type="stmt"/>
      </file>
      <file name="LikeButton.jsx" path="/home/pavel/proga/PhotoPortfolio/PhotoPortfolio/my-react-app/src/components/features/LikeButton.jsx">
        <metrics statements="3" coveredstatements="3" conditionals="0" coveredconditionals="0" methods="2" coveredmethods="2"/>
        <line num="2" count="2" type="stmt"/>
        <line num="3" count="6" type="stmt"/>
        <line num="4" count="2" type="stmt"/>
      </file>
      <file name="PostCard.jsx" path="/home/pavel/proga/PhotoPortfolio/PhotoPortfolio/my-react-app/src/components/features/PostCard.jsx">
        <metrics statements="2" coveredstatements="2" conditionals="2" coveredconditionals="2" methods="1" coveredmethods="1"/>
        <line num="6" count="1" type="stmt"/>
        <line num="7" count="4" type="stmt"/>
      </file>
      <file name="ShareButton.jsx" path="/home/pavel/proga/PhotoPortfolio/PhotoPortfolio/my-react-app/src/components/features/ShareButton.jsx">
        <metrics statements="3" coveredstatements="2" conditionals="0" coveredconditionals="0" methods="2" coveredmethods="1"/>
        <line num="1" count="1" type="stmt"/>
        <line num="2" count="4" type="stmt"/>
        <line num="3" count="0" type="stmt"/>
      </file>
      <file name="UserProfile.jsx" path="/home/pavel/proga/PhotoPortfolio/PhotoPortfolio/my-react-app/src/components/features/UserProfile.jsx">
        <metrics statements="2" coveredstatements="2" conditionals="0" coveredconditionals="0" methods="1" coveredmethods="1"/>
        <line num="4" count="1" type="stmt"/>
        <line num="5" count="2" type="stmt"/>
      </file>
    </package>
    <package name="components.layout">
      <metrics statements="2" coveredstatements="0" conditionals="0" coveredconditionals="0" methods="1" coveredmethods="0"/>
      <file name="Header.jsx" path="/home/pavel/proga/PhotoPortfolio/PhotoPortfolio/my-react-app/src/components/layout/Header.jsx">
        <metrics statements="2" coveredstatements="0" conditionals="0" coveredconditionals="0" methods="1" coveredmethods="0"/>
        <line num="1" count="0" type="stmt"/>
        <line num="2" count="0" type="stmt"/>
      </file>
    </package>
    <package name="utils">
      <metrics statements="17" coveredstatements="15" conditionals="18" coveredconditionals="16" methods="2" coveredmethods="2"/>
      <file name="formatters.js" path="/home/pavel/proga/PhotoPortfolio/PhotoPortfolio/my-react-app/src/utils/formatters.js">
        <metrics statements="17" coveredstatements="15" conditionals="18" coveredconditionals="16" methods="2" coveredmethods="2"/>
        <line num="1" count="1" type="stmt"/>
        <line num="2" count="8" type="cond" truecount="4" falsecount="0"/>
        <line num="3" count="5" type="cond" truecount="2" falsecount="0"/>
        <line num="4" count="4" type="cond" truecount="2" falsecount="0"/>
        <line num="5" count="2" type="stmt"/>
        <line num="8" count="1" type="stmt"/>
        <line num="9" count="4" type="cond" truecount="2" falsecount="0"/>
        <line num="10" count="3" type="stmt"/>
        <line num="11" count="3" type="cond" truecount="2" falsecount="0"/>
        <line num="13" count="2" type="stmt"/>
        <line num="15" count="2" type="cond" truecount="2" falsecount="0"/>
        <line num="16" count="1" type="stmt"/>
        <line num="17" count="1" type="cond" truecount="1" falsecount="1"/>
        <line num="18" count="1" type="stmt"/>
        <line num="19" count="1" type="cond" truecount="1" falsecount="1"/>
        <line num="20" count="0" type="stmt"/>
        <line num="21" count="0" type="stmt"/>
      </file>
    </package>
  </project>
</coverage>
