TN:
SF:src/components/features/FriendList.jsx
FN:4,(anonymous_0)
FN:9,(anonymous_1)
FNF:2
FNH:0
FNDA:0,(anonymous_0)
FNDA:0,(anonymous_1)
DA:4,0
DA:5,0
DA:10,0
LF:3
LH:0
BRF:0
BRH:0
end_of_record
TN:
SF:src/components/features/LikeButton.jsx
FN:2,(anonymous_0)
FN:4,(anonymous_1)
FNF:2
FNH:2
FNDA:6,(anonymous_0)
FNDA:2,(anonymous_1)
DA:2,2
DA:3,6
DA:4,2
LF:3
LH:3
BRF:0
BRH:0
end_of_record
TN:
SF:src/components/features/PostCard.jsx
FN:6,(anonymous_0)
FNF:1
FNH:1
FNDA:4,(anonymous_0)
DA:6,1
DA:7,4
LF:2
LH:2
BRDA:20,0,0,4
BRDA:20,0,1,1
BRF:2
BRH:2
end_of_record
TN:
SF:src/components/features/ShareButton.jsx
FN:1,(anonymous_0)
FN:3,(anonymous_1)
FNF:2
FNH:1
FNDA:4,(anonymous_0)
FNDA:0,(anonymous_1)
DA:1,1
DA:2,4
DA:3,0
LF:3
LH:2
BRF:0
BRH:0
end_of_record
TN:
SF:src/components/features/UserProfile.jsx
FN:4,(anonymous_0)
FNF:1
FNH:1
FNDA:2,(anonymous_0)
DA:4,1
DA:5,2
LF:2
LH:2
BRF:0
BRH:0
end_of_record
TN:
SF:src/components/layout/Header.jsx
FN:1,(anonymous_0)
FNF:1
FNH:0
FNDA:0,(anonymous_0)
DA:1,0
DA:2,0
LF:2
LH:0
BRF:0
BRH:0
end_of_record
TN:
SF:src/utils/formatters.js
FN:1,(anonymous_0)
FN:8,(anonymous_1)
FNF:2
FNH:2
FNDA:8,(anonymous_0)
FNDA:4,(anonymous_1)
DA:1,1
DA:2,8
DA:3,5
DA:4,4
DA:5,2
DA:8,1
DA:9,4
DA:10,3
DA:11,3
DA:13,2
DA:15,2
DA:16,1
DA:17,1
DA:18,1
DA:19,1
DA:20,0
DA:21,0
LF:17
LH:15
BRDA:2,0,0,3
BRDA:2,0,1,5
BRDA:2,1,0,8
BRDA:2,1,1,6
BRDA:3,2,0,1
BRDA:3,2,1,4
BRDA:4,3,0,2
BRDA:4,3,1,2
BRDA:9,4,0,1
BRDA:9,4,1,3
BRDA:11,5,0,1
BRDA:11,5,1,2
BRDA:15,6,0,1
BRDA:15,6,1,1
BRDA:17,7,0,0
BRDA:17,7,1,1
BRDA:19,8,0,1
BRDA:19,8,1,0
BRF:18
BRH:16
end_of_record
